100
0 242 451 293 5246 152 677 30 3511 5136 10 5469 2978 7013 2340 4589 123 279 17 1208 5561 52 7301 62 339 1512 774 16 13 2509 23 717 5820 15 9054 2076
1 278 1 25 0 9903 464 58 1403 22 430 178 37 5519 2 323 5361 4 46 364 41 831 5515 1572 5 700 7269 123 3198 14 13 6890 65 240 406 1581 1758
2 23 0 16 137 9547 2 41 1 111 3 65 2878 34 6 110 54 1311 9 11 21 180 6359 50 252 74 7702 33 4 29 7 637 19 268 178 96 4063 253 27 1495 3774 3756
3 165 13 590 18 1456 105 2942 222 19 20 447 217 635 1407 1071 78 8466 6745 2378 3603 22 658 40 183 62 254 9355 1087 203 9710 5872 533 95
4 36 2098 3056 503 7687 76 941 1582 27 50 8401 9493 91 144 173 147 131 116 200 2052 45 54 118 59 742 3293 2791 24 6205 7287 139 3767 3975
5 3 4552 199 13 0 439 48 452 262 5 11 3016 284 9 1 202 7574 1846 109 28 4790 582 12 37 1740 8 526 2 105 1225 197 3110 138 1958
6 2424 338 100 16 47 44 177 1804 1927 3794 46 34 378 161 193 426 6 209 61 139 455 1016 235 1614 2184 9175 9073 2746 1741 55 176 1502
7 96 49 40 11 462 205 47 173 157 22 822 6731 584 230 458 933 66 41 133 2045 60 843 354 38 74 0 4848 303 1 6031 119 848 5429 1315 485 948 977 7624
8 8620 119 32 19 240 29 2769 47 601 1345 60 286 71 160 57 5812 411 23 984 2960 25 3357 658 220 2860 348 36 317 1442 1128 1756 952 2741 3389 1290
9 9 33 0 13 1 6643 48 3 7192 5 962 2406 54 3972 21 6 42 50 25 15 5034 11 209 27 53 32 4938 6992 791 63 4 138 6729
10 1363 4 33 2 26 1390 836 12 2950 6 2628 559 9086 5638 1041 4372 628 13 338 419 505 0 224 169 101 476 544 1 7 28 4430 468 2848 859 5926
11 127 50 2 0 24 18 7884 236 1 492 5 72 3000 653 349 17 3 7155 3224 34 11 7 6 112 245 90 1621 25 9 8168 201 1807 45 4859 5724 619 1428 8
12 61 845 0 288 2 29 1 1378 6571 519 78 2177 1250 383 57 7399 2961 90 10 3955 188 20 4 225 826 521 1476 26 14 6907 7 95 166 1327 979 2757 5276
13 885 1105 422 25 1686 44 2664 276 4477 45 218 1402 32 2568 429 122 5120 34 375 567 1828 275 1271 70 3989 4162 325 1506 69 1482 7242 2264
14 17 1190 71 143 46 0 15 35 231 9 4 34 65 1216 137 233 168 115 355 1861 6979 47 1 3 11 1324 5038 36 710 452 7 3759 33 1126 14 8 121 9559 2153
15 22 52 54 7 0 138 103 405 3476 3679 284 2114 87 4 1 20 186 45 6 2521 602 3 2250 36 106 178 34 886 13 262 84 107 98 686
16 275 9295 36 2522 1979 6450 1026 145 170 2156 5792 8875 196 2048 9471 117 2967 914 1754 41 6 6097 6696 715 24 314 1963 4325 8938 431 8427 247 9360 3943 126 1583
17 1436 9798 2844 222 12 6249 4 587 5027 289 13 258 1816 2333 5893 189 4807 4335 38 493 76 249 68 59 187 1435 3488 580 6783 8 7 138
18 0 18 1687 286 2 3626 95 4 157 10 17 4781 178 56 1 33 1052 465 8703 939 7 242 35 14 362 3 6787 7557 720 356 31 1071 5381 138
19 9134 15 5 13 2193 9768 7463 203 17 346 533 11 9053 529 4526 142 2911 19 75 131 2453 1132 22 571 114 243 2341 170 2804 3563 347 961 2444 5167 1414 179 8 1737
20 26 148 1 1290 15 2979 107 2 3 8 0 406 9798 712 676 6 35 4 17 49 105 206 1005 9562 1481 20 379 336 158 1168 3317 41 1919 62 19 280 27 655 5526 2153 3198
21 0 412 18 23 9 4 13 168 2025 77 10 85 1148 5 1304 2160 156 474 130 1128 1213 2380 8743 6379 15 625 7 132 19 1723 21 26 11 5442 28 65 2825 8
22 24 1 2517 76 168 59 16 73 0 23 859 4 1024 6599 69 37 6035 1563 7 389 244 2 14 3221 3 6 9673 83 4328 5110 51 89 3680 5 442 138 2818 1310 9517 1290
23 4 50 1156 26 39 33 0 1042 2 3 5 11 8 1 7 55 1948 35 233 6 17 53 1959 1438 28 19 3324 129 5834 1152 107 1967 152 2579 138 6698
24 31 1 9 6697 4 91 20 0 3699 5 602 6 8488 1011 7 7387 12 539 16 3 5294 3790 22 188 940 2233 73 19 419 231 980 358 725 121 2060
25 6 109 2546 342 9677 12 1 2 74 409 1293 463 249 807 226 36 1490 14 22 1859 757 3 127 2191 270 227 3079 2199 7 71 27 65 1495 176
26 406 63 3 0 1027 328 1 2 469 9 27 1127 3730 597 278 71 561 4051 92 5 6137 36 21 39 714 24 19 5361 67 99 28 8 126 554 2591
27 0 431 12 3 6 5 414 4584 121 45 1 33 2805 9 343 10 35 59 626 52 2 34 246 107 3140 24 124 2889 5830 63 1954 155 2060
28 81 2882 861 15 3458 272 1150 44 29 55 105 51 225 830 148 1865 402 121 37 17 83 309 67 645 161 8 1663 217 349 7431 97 408 1017 103 9 7854 63 69 7672 554
29 4211 42 17 278 31 6 5999 509 462 131 6661 57 279 253 26 16 15 671 226 69 156 1078 112 34 424 190 10 268 780 127 22 196 309 442 7 176 4371
30 2385 0 22 258 264 612 142 3 8365 21 1 4 19 234 435 625 517 3502 13 64 1210 1401 58 40 418 1332 659 184 16 992 31 1051 25 256 2951 1826 27 1643 968
31 5 3618 1530 354 1320 238 0 29 6 3 172 39 5021 5359 4683 53 216 1989 4604 6705 117 2 15 7 1 26 694 143 1088 55 102 27 199 1506
32 281 0 6 1 180 1368 34 505 3 186 104 11 2 4227 7 4 49 709 18 5 25 4040 3053 6614 8949 251 6779 9 301 176 5921
33 46 1049 170 66 39 14 2 118 0 4129 7437 289 523 2219 75 20 31 25 16 58 13 85 1 4 337 169 12 176 2848
34 4 1446 2469 0 55 89 4104 5850 1 1378 264 550 3 24 1866 2986 101 4685 148 99 70 2 134 8076 4474 3768 35 1902 6604 437 909
35 64 1 51 7718 235 4 3236 11 1752 7970 259 476 10 25 2239 483 1074 1909 5221 6012 344 4164 137 55 471 44 529 836 316 4613 8450
36 989 5001 805 3535 12 84 7748 120 5 48 1886 36 60 4984 1638 18 3604 7 4662 208 1698 1052 32 998 396 1080 1323 10 784 22 246 332 1404 8454 1783 4688 709
37 3140 10 322 19 1372 412 0 6755 395 62 2 6 15 18 51 514 866 16 817 594 54 106 1233 363 1 69 4659 57 6130 3 587 7 371 1089 152 176 968 1737 3097
38 355 1329 320 6037 1844 110 186 5675 5144 73 231 82 498 3144 293 63 1325 5419 642 77 958 339 1628 9320 55 30 212 155 5512 161 68 49 907 120 74
39 1854 10 68 46 209 186 34 1743 172 2503 1927 86 0 2383 2 49 219 1 256 5 166 33 141 9 792 1150 3 322 74 896 632
40 412 68 20 210 125 32 97 566 4 160 231 6015 1787 4642 4314 254 51 1697 17 64 34 3098 204 35 386 14 216 18 7 435 26 1556 1184 27 155 859 3849
41 247 5154 39 210 1039 214 11 137 250 23 7606 516 935 88 218 82 561 86 18 669 9519 1058 490 284 29 4253 5226 425 99 1148 156 35 7 2735 8
42 42 0 7 1108 432 36 19 46 5412 15 9338 422 1 2 3 478 44 6 1460 21 1552 205 4 3617 588 383 315 1694 815 37 38 9517 708 138 1263 3097
43 2218 8629 251 136 2262 91 755 1353 2195 67 2473 46 248 51 60 111 313 6094 3828 332 2859 246 2094 327 180 324 103 30 948 138
44 50 51 175 5299 270 19 389 301 498 25 16 3 1017 1401 6689 8056 4947 6 120 5681 5524 38 1561 13 269 2625 7979 309 46 3711 6259 472 78 4023
45 8 5 3 12 183 8843 59 1996 4 5270 105 39 10 1 1954 27 0 13 155 3644 7 447 151 665 2 9061 455 6082 8886 1806 79 44 583 554
46 9 83 0 1502 15 118 9902 4704 1340 412 70 8 2 4 142 1 3 1704 7 788 1805 50 8160 733 24 5 58 1382 22 53 8929 1944 367 2842 36 503 355 1597
47 24 736 8989 1121 1426 67 1119 194 4 245 8150 775 0 5990 3 2266 17 23 1072 981 55 344 32 1 28 88 250 236 345 92 26 138 4500 583 2264
48 99 5 11 4680 46 10 71 380 1232 115 37 5479 109 382 224 3528 23 57 1866 16 3684 33 9 5728 4 2863 0 366 55 28 27 197 2955
49 3249 936 884 24 3499 7 3059 566 699 718 101 8973 272 3 419 2 297 23 1959 88 19 0 28 118 123 646 42 29 6137 14 108 9957 35 8 138
50 1857 4046 279 21 349 150 13 6607 593 1483 54 56 42 66 6158 73 1574 1141 1084 301 343 3246 560 10 5014 112 117 72 77 7 2091 202 214 9 135 4089 1482 3244
51 0 1 9234 28 33 4 2 8783 9 213 6 23 4705 597 788 4606 288 966 78 14 13 22 2410 63 200 7 508 21 45 1728 17 159 24 725 334 1989 2420 27 2818 9365
52 56 28 61 7278 207 133 1588 2312 603 224 2293 1886 339 1379 4226 212 311 105 18 275 68 789 6161 742 64 1666 30 67 2603 371 65 22 2601 20 135 1153 5851
53 2 510 26 230 7433 23 2282 334 20 4 45 121 216 0 6 369 25 4478 70 225 1 978 184 7981 266 7 100 395 14 295 16 348 2739 3 72 11 114 1434 243 404
54 47 50 7070 24 4 12 2426 918 9 132 9162 119 6440 88 126 597 678 108 263 761 124 431 131 6572 13 17 5507 241 144 31 3379 2697 65 1613 138 968
55 5 2 6 25 0 14 132 1373 117 1184 1107 11 16 108 8 12 18 789 3551 76 3553 40 1197 302 136 37 1 344 27 430 927 138 3244 1495 968
56 32 0 16 1 23 391 11 3 108 2 19 112 4 2431 18 2282 1913 2051 179 8114 50 44 799 6348 3796 34 7 8702 1697 35 8 5566 5 1591 22 62 280 624 252 859
57 17 182 723 1461 36 6169 0 53 111 778 6 4152 2 1107 117 38 83 1696 1 8 88 3 69 63 90 26 486 66 4964 113 708 4 372 1334
58 71 685 19 2619 128 4133 9 15 936 224 329 175 14 18 95 10 519 42 77 26 170 90 32 88 2291 27 31 1414 7170 89 6382 12 179 138 869 285 1263
59 82 189 2980 762 1412 605 58 10 70 585 933 4184 41 1066 579 83 2692 80 305 477 48 139 226 204 124 27 8146 5173 5459 494 103 535 6676 702 81 726 117 5350 8450
60 6 753 5269 1361 27 257 74 280 401 2848 83 4837 1 75 25 59 2 1775 1513 685 1756 124 264 1988 24 713 103 3484 1807 16 1912 37 813 322 199
61 352 282 987 32 2145 10 79 310 565 3940 86 373 81 6 52 5055 89 49 1167 265 576 53 456 2883 21 2458 16 2683 9305 1077
62 356 11 662 14 64 495 107 2 1841 16 32 3 770 1 23 17 6 4 0 5 87 919 62 1373 5672 118 27 454 43 75 90 1169 29 587 1117 332 164 1610 583 7624 1310
63 0 2 2178 4 1283 115 188 7820 5127 57 34 56 3 660 5 3100 135 6 3249 425 8 409 9 24 2158 5063 307 1 227 15 21 6549 1397 147 1554
64 33 427 1883 1119 3 388 62 1279 2 358 109 9 17 8180 28 58 276 57 63 245 3561 54 163 71 2568 1073 649 1545 891 0 34 56 69 1737
65 5 2065 1161 233 8 19 2 14 1489 39 206 9021 43 280 123 15 1245 83 329 63 428 323 183 6243 2235 156 4182 88 53 57 430 409 8871 146 1713 30 197
66 11 7 1806 406 49 40 5 225 864 24 1141 1922 1102 723 5973 2 51 4872 0 14 5915 1282 133 4180 7325 4673 300 3 12 103 97 662 236 252 1452 3477
67 2 65 167 21 323 769 75 111 203 125 8601 6408 93 35 3843 6238 225 2187 1429 64 39 1728 11 1264 1566 216 2295 2479 902 17 37 138 2148 1290 1671
68 9 8733 68 244 433 11 0 81 4 4138 5350 2 3 21 207 33 161 1130 10 12 1593 651 2657 75 173 197 134 18 499 7 28 273 193 107 1888 554
69 756 18 3520 6767 2177 7231 1446 1061 119 99 32 8004 1628 3710 2551 142 153 1522 36 128 80 224 94 335 971 542 501 25 489 162 1266 3169 4734 6290 873 6165
70 1257 151 2624 446 2862 82 203 17 18 34 809 33 10 5492 102 132 2033 76 501 9896 3600 204 1224 180 609 31 412 1595 1706 136 9566 20 3624 1365 4820 1917 1954 5150 1122 5661
71 2684 0 67 1 41 1389 350 5020 84 391 37 5 1099 143 29 11 3 2212 2 180 448 9357 153 4 6438 6 197 360 437 9 158 164 404 2591 6656 1671
72 21 19 22 12 3038 62 17 18 171 5 13 161 2135 724 2052 8512 15 187 9 4973 508 115 208 822 84 1300 6043 5882 42 460 7064 1983 341 360 566 6051 1384
73 144 730 3973 21 6188 3131 3338 113 56 716 359 9414 876 1039 17 308 1845 53 751 103 333 70 127 1562 10 293 6504 4151 1516 161 2955 3110 867
74 12 129 140 101 266 115 130 1235 193 5 2 7685 1001 109 1134 168 37 6642 433 1048 83 4060 1532 4722 2587 90 57 9 48 51 582 990 8 158 621 4247
75 13 12 5 1966 7995 2610 10 722 102 47 835 97 104 8 127 82 402 15 98 332 76 52 982 762 6 141 4 0 1593 1 1499 11 73 155 977 3244 1671
76 43 0 2 39 3 10 3228 16 27 455 5 22 103 128 245 11 3279 48 17 47 1 8 35 556 6 34 45 108 129 305 6288 155 869 2060 8095 900 867
77 25 180 289 302 715 512 1228 1577 528 249 142 2398 1992 3591 402 251 118 237 31 5817 331 1393 1466 426 246 57 136 647 714 5848 271 60 299
78 1677 46 719 2 454 0 94 14 186 759 20 1 3 4278 5 1710 346 435 42 3900 19 10 23 665 3274 21 67 96 229 9 126 3700 2264
79 807 170 118 30 4752 31 21 1590 5222 380 167 331 50 3548 398 75 3354 3526 112 257 837 199 3137 28 156 267 2019 669 178 6087 2527 4971 60 16 206 679 1482 968
80 41 2 36 2012 0 112 299 1 7 25 6 51 9628 17 319 7274 703 77 1363 48 124 1159 18 15 178 3 221 1540 111 8 1044 1799 609 3975
81 8 2 19 56 0 3430 3252 5 103 4 93 129 1361 38 37 119 200 5170 15 28 131 3 652 94 12 1 1079 41 44 4386 7 715 65 299 229 356 1283 138 1263
82 14 8 1 0 21 1759 2 16 9711 6 1606 7 12 3 1937 4 337 32 59 37 5472 94 641 502 839 271 24 1424 60 61 1671 524 252 909 138 3097
83 513 41 25 0 2132 1863 14 38 28 1 15 779 1843 68 157 1623 1956 375 19 4 2195 18 3 7 891 229 2706 3689 519 5 129 511 89 6 2 155 126 268 859
84 330 186 40 62 3301 1217 181 21 641 4908 29 5052 4824 42 74 2812 390 363 145 3433 14 1012 542 3124 6307 328 147 4 15 12 0 386 9 8 7341 138 9584
85 6475 325 275 2929 1243 293 123 1756 174 676 95 2 938 187 656 99 7 219 2652 88 5641 951 101 2973 19 232 122 52 20 9442 6234 297 40 55 371 139 72 176
86 32 509 11 3119 0 500 2051 33 2221 98 238 5 21 2 4 3 1757 227 23 10 7 77 218 351 1896 2987 1121 1318 9041 72 2818 1502
87 4048 6052 97 91 949 25 130 2838 124 3 134 31 429 687 2498 6045 2334 24 14 425 138 2594 177 2482 110 12 1009 3160 82 26 1725 166
88 47 0 3 2 26 1583 21 45 4 117 5 100 6025 3915 1 12 672 7777 1503 42 17 29 19 24 68 8 169 1591 796 5778 92 23 3110 1384
89 2832 6510 9175 70 6 335 96 13 79 1 1340 726 281 538 44 2172 475 6874 693 30 31 49 5235 163 5847 7798 502 92 8 6589 867
90 6 1 3223 5 15 28 3 1071 0 7 21 6160 10 4479 8 2209 1808 76 1828 655 141 229 3814 2 158 11 155 238 25 8461 1110 2380 14 4259 75 3642 285 63 184 138 4171 900
91 651 663 12 13 8088 112 4370 22 2665 15 3003 55 5275 443 42 48 111 142 2477 60 407 4 71 17 1 25 9 0 253 3208 145 2 8 1119 3244
92 585 40 1054 0 68 2 4630 8 2360 5 25 20 14 4 121 3 475 1 41 7 21 141 50 399 73 30 8444 364 71 24 8948 715 27 1799 1334 3097
93 46 125 45 122 4654 75 1936 80 923 2147 30 647 5502 5193 6210 37 3230 1214 1966 3808 14 327 296 5330 149 119 9521 13 697 422 3777 1951 1077
94 16 10 7 1313 316 26 5442 2 68 2631 49 84 1790 807 218 1991 77 9652 956 2720 150 75 725 5477 294 2850 3053 2639 8087 436 277 1953 5819
95 934 2496 17 6912 9 6636 18 5 255 43 191 41 7866 132 4300 389 1216 15 1114 6412 145 3937 706 102 29 796 143 59 4337 68 476 8 6086 155
96 225 47 384 239 1601 4025 6514 6001 310 18 365 753 2190 3761 16 2327 29 5625 143 44 358 793 296 541 231 1272 1506 1721 4632 628 110 2477 21 19 330 962 290 329 2889 7055 1310
97 670 31 4 34 0 9 14 99 519 1478 3 658 413 212 1258 13 6 61 2 1992 1002 960 1 278 358 1938 411 5 168 249 4301 120
98 205 1487 106 46 1 42 40 0 179 43 410 5 23 9 157 26 1658 175 2 8 13 5748 6400 556 56 5645 6201 1636 17 52 27 236 3097 1263
99 226 36 1137 406 9908 840 12 7 1966 8 116 0 2498 15 9 14 75 1209 933 37 1 2 168 7497 3881 117 5197 97 303 41 4 21 27 5 2478 5863 599 23 155
